2025-10-29T14:06:08.333+09:00  INFO 788 --- [ch08] [restartedMain] kr.co.ch08.Ch08Application               : Starting Ch08Application using Java 17.0.0.1 with PID 788 (C:\Users\GGG\Desktop\workspace\Spring\ch08\build\classes\java\main started by GGG in C:\Users\GGG\Desktop\workspace\Spring\ch08)
2025-10-29T14:06:08.342+09:00  INFO 788 --- [ch08] [restartedMain] kr.co.ch08.Ch08Application               : No active profile set, falling back to 1 default profile: "default"
2025-10-29T14:06:08.403+09:00  INFO 788 --- [ch08] [restartedMain] o.s.b.devtools.restart.ChangeableUrls    : The Class-Path manifest attribute in C:\Users\GGG\.gradle\caches\modules-2\files-2.1\com.oracle.database.jdbc\ojdbc11\23.7.0.25.01\665f52abef9122ce003b5cfc1d9d44f7302e2cfe\ojdbc11-23.7.0.25.01.jar referenced one or more files that do not exist: file:/C:/Users/GGG/.gradle/caches/modules-2/files-2.1/com.oracle.database.jdbc/ojdbc11/23.7.0.25.01/665f52abef9122ce003b5cfc1d9d44f7302e2cfe/oraclepki.jar
2025-10-29T14:06:08.404+09:00  INFO 788 --- [ch08] [restartedMain] .e.DevToolsPropertyDefaultsPostProcessor : Devtools property defaults active! Set 'spring.devtools.add-properties' to 'false' to disable
2025-10-29T14:06:08.405+09:00  INFO 788 --- [ch08] [restartedMain] .e.DevToolsPropertyDefaultsPostProcessor : For additional web related logging consider setting the 'logging.level.web' property to 'DEBUG'
2025-10-29T14:06:09.498+09:00  INFO 788 --- [ch08] [restartedMain] .s.d.r.c.RepositoryConfigurationDelegate : Bootstrapping Spring Data JPA repositories in DEFAULT mode.
2025-10-29T14:06:09.558+09:00  INFO 788 --- [ch08] [restartedMain] .s.d.r.c.RepositoryConfigurationDelegate : Finished Spring Data repository scanning in 50 ms. Found 1 JPA repository interface.
2025-10-29T14:06:09.659+09:00  WARN 788 --- [ch08] [restartedMain] o.m.s.mapper.ClassPathMapperScanner      : No MyBatis mapper was found in '[kr.co.ch08]' package. Please check your configuration.
2025-10-29T14:06:10.133+09:00  INFO 788 --- [ch08] [restartedMain] o.s.b.w.embedded.tomcat.TomcatWebServer  : Tomcat initialized with port 8080 (http)
2025-10-29T14:06:10.201+09:00  INFO 788 --- [ch08] [restartedMain] o.apache.catalina.core.StandardService   : Starting service [Tomcat]
2025-10-29T14:06:10.208+09:00  INFO 788 --- [ch08] [restartedMain] o.apache.catalina.core.StandardEngine    : Starting Servlet engine: [Apache Tomcat/10.1.46]
2025-10-29T14:06:10.289+09:00  INFO 788 --- [ch08] [restartedMain] o.a.c.c.C.[Tomcat].[localhost].[/ch08]   : Initializing Spring embedded WebApplicationContext
2025-10-29T14:06:10.290+09:00  INFO 788 --- [ch08] [restartedMain] w.s.c.ServletWebServerApplicationContext : Root WebApplicationContext: initialization completed in 1885 ms
2025-10-29T14:06:10.651+09:00  INFO 788 --- [ch08] [restartedMain] o.hibernate.jpa.internal.util.LogHelper  : HHH000204: Processing PersistenceUnitInfo [name: default]
2025-10-29T14:06:10.726+09:00  INFO 788 --- [ch08] [restartedMain] org.hibernate.Version                    : HHH000412: Hibernate ORM core version 6.6.29.Final
2025-10-29T14:06:10.765+09:00  INFO 788 --- [ch08] [restartedMain] o.h.c.internal.RegionFactoryInitiator    : HHH000026: Second-level cache disabled
2025-10-29T14:06:11.383+09:00  INFO 788 --- [ch08] [restartedMain] o.s.o.j.p.SpringPersistenceUnitInfo      : No LoadTimeWeaver setup: ignoring JPA class transformer
2025-10-29T14:06:11.440+09:00  INFO 788 --- [ch08] [restartedMain] com.zaxxer.hikari.HikariDataSource       : HikariPool-1 - Starting...
2025-10-29T14:06:11.458+09:00  WARN 788 --- [ch08] [restartedMain] c.zaxxer.hikari.util.DriverDataSource    : Registered driver with driverClassName=oracle.jdbc.driver.OracleDriver was not found, trying direct instantiation.
2025-10-29T14:06:12.166+09:00  INFO 788 --- [ch08] [restartedMain] com.zaxxer.hikari.pool.HikariPool        : HikariPool-1 - Added connection oracle.jdbc.driver.T4CConnection@2f66bfda
2025-10-29T14:06:12.167+09:00  INFO 788 --- [ch08] [restartedMain] com.zaxxer.hikari.HikariDataSource       : HikariPool-1 - Start completed.
2025-10-29T14:06:12.541+09:00  INFO 788 --- [ch08] [restartedMain] org.hibernate.orm.connections.pooling    : HHH10001005: Database info:
	Database JDBC URL [Connecting through datasource 'HikariDataSource (HikariPool-1)']
	Database driver: undefined/unknown
	Database version: 21.3
	Autocommit mode: undefined/unknown
	Isolation level: undefined/unknown
	Minimum pool size: undefined/unknown
	Maximum pool size: undefined/unknown
2025-10-29T14:06:13.411+09:00  INFO 788 --- [ch08] [restartedMain] o.h.e.t.j.p.i.JtaPlatformInitiator       : HHH000489: No JTA platform available (set 'hibernate.transaction.jta.platform' to enable JTA platform integration)
2025-10-29T14:06:14.876+09:00  INFO 788 --- [ch08] [restartedMain] j.LocalContainerEntityManagerFactoryBean : Initialized JPA EntityManagerFactory for persistence unit 'default'
2025-10-29T14:06:15.050+09:00  WARN 788 --- [ch08] [restartedMain] JpaBaseConfiguration$JpaWebConfiguration : spring.jpa.open-in-view is enabled by default. Therefore, database queries may be performed during view rendering. Explicitly configure spring.jpa.open-in-view to disable this warning
2025-10-29T14:06:15.379+09:00  INFO 788 --- [ch08] [restartedMain] o.s.b.d.a.OptionalLiveReloadServer       : LiveReload server is running on port 35729
2025-10-29T14:06:15.406+09:00  INFO 788 --- [ch08] [restartedMain] o.s.b.w.embedded.tomcat.TomcatWebServer  : Tomcat started on port 8080 (http) with context path '/ch08'
2025-10-29T14:06:15.413+09:00  INFO 788 --- [ch08] [restartedMain] kr.co.ch08.Ch08Application               : Started Ch08Application in 7.996 seconds (process running for 8.816)
2025-10-29T14:06:22.736+09:00  INFO 788 --- [ch08] [http-nio-8080-exec-1] o.a.c.c.C.[Tomcat].[localhost].[/ch08]   : Initializing Spring DispatcherServlet 'dispatcherServlet'
2025-10-29T14:06:22.736+09:00  INFO 788 --- [ch08] [http-nio-8080-exec-1] o.s.web.servlet.DispatcherServlet        : Initializing Servlet 'dispatcherServlet'
2025-10-29T14:06:22.737+09:00  INFO 788 --- [ch08] [http-nio-8080-exec-1] o.s.web.servlet.DispatcherServlet        : Completed initialization in 1 ms
2025-10-29T14:10:08.065+09:00  INFO 788 --- [ch08] [SpringApplicationShutdownHook] o.s.b.w.e.tomcat.GracefulShutdown        : Commencing graceful shutdown. Waiting for active requests to complete
2025-10-29T14:10:08.134+09:00  INFO 788 --- [ch08] [tomcat-shutdown] o.s.b.w.e.tomcat.GracefulShutdown        : Graceful shutdown complete
2025-10-29T14:10:08.137+09:00  INFO 788 --- [ch08] [SpringApplicationShutdownHook] j.LocalContainerEntityManagerFactoryBean : Closing JPA EntityManagerFactory for persistence unit 'default'
2025-10-29T14:10:08.139+09:00  INFO 788 --- [ch08] [SpringApplicationShutdownHook] com.zaxxer.hikari.HikariDataSource       : HikariPool-1 - Shutdown initiated...
2025-10-29T14:10:08.237+09:00  INFO 788 --- [ch08] [SpringApplicationShutdownHook] com.zaxxer.hikari.HikariDataSource       : HikariPool-1 - Shutdown completed.
2025-10-29T14:10:11.367+09:00  INFO 3592 --- [ch08] [restartedMain] kr.co.ch08.Ch08Application               : Starting Ch08Application using Java 17.0.0.1 with PID 3592 (C:\Users\GGG\Desktop\workspace\Spring\ch08\build\classes\java\main started by GGG in C:\Users\GGG\Desktop\workspace\Spring\ch08)
2025-10-29T14:10:11.369+09:00  INFO 3592 --- [ch08] [restartedMain] kr.co.ch08.Ch08Application               : No active profile set, falling back to 1 default profile: "default"
2025-10-29T14:10:11.404+09:00  INFO 3592 --- [ch08] [restartedMain] o.s.b.devtools.restart.ChangeableUrls    : The Class-Path manifest attribute in C:\Users\GGG\.gradle\caches\modules-2\files-2.1\com.oracle.database.jdbc\ojdbc11\23.7.0.25.01\665f52abef9122ce003b5cfc1d9d44f7302e2cfe\ojdbc11-23.7.0.25.01.jar referenced one or more files that do not exist: file:/C:/Users/GGG/.gradle/caches/modules-2/files-2.1/com.oracle.database.jdbc/ojdbc11/23.7.0.25.01/665f52abef9122ce003b5cfc1d9d44f7302e2cfe/oraclepki.jar
2025-10-29T14:10:11.404+09:00  INFO 3592 --- [ch08] [restartedMain] .e.DevToolsPropertyDefaultsPostProcessor : Devtools property defaults active! Set 'spring.devtools.add-properties' to 'false' to disable
2025-10-29T14:10:11.404+09:00  INFO 3592 --- [ch08] [restartedMain] .e.DevToolsPropertyDefaultsPostProcessor : For additional web related logging consider setting the 'logging.level.web' property to 'DEBUG'
2025-10-29T14:10:12.020+09:00  INFO 3592 --- [ch08] [restartedMain] .s.d.r.c.RepositoryConfigurationDelegate : Bootstrapping Spring Data JPA repositories in DEFAULT mode.
2025-10-29T14:10:12.062+09:00  INFO 3592 --- [ch08] [restartedMain] .s.d.r.c.RepositoryConfigurationDelegate : Finished Spring Data repository scanning in 32 ms. Found 1 JPA repository interface.
2025-10-29T14:10:12.155+09:00  WARN 3592 --- [ch08] [restartedMain] o.m.s.mapper.ClassPathMapperScanner      : No MyBatis mapper was found in '[kr.co.ch08]' package. Please check your configuration.
2025-10-29T14:10:12.530+09:00  INFO 3592 --- [ch08] [restartedMain] o.s.b.w.embedded.tomcat.TomcatWebServer  : Tomcat initialized with port 8080 (http)
2025-10-29T14:10:12.541+09:00  INFO 3592 --- [ch08] [restartedMain] o.apache.catalina.core.StandardService   : Starting service [Tomcat]
2025-10-29T14:10:12.541+09:00  INFO 3592 --- [ch08] [restartedMain] o.apache.catalina.core.StandardEngine    : Starting Servlet engine: [Apache Tomcat/10.1.46]
2025-10-29T14:10:12.579+09:00  INFO 3592 --- [ch08] [restartedMain] o.a.c.c.C.[Tomcat].[localhost].[/ch08]   : Initializing Spring embedded WebApplicationContext
2025-10-29T14:10:12.580+09:00  INFO 3592 --- [ch08] [restartedMain] w.s.c.ServletWebServerApplicationContext : Root WebApplicationContext: initialization completed in 1176 ms
2025-10-29T14:10:12.734+09:00  INFO 3592 --- [ch08] [restartedMain] o.hibernate.jpa.internal.util.LogHelper  : HHH000204: Processing PersistenceUnitInfo [name: default]
2025-10-29T14:10:12.782+09:00  INFO 3592 --- [ch08] [restartedMain] org.hibernate.Version                    : HHH000412: Hibernate ORM core version 6.6.29.Final
2025-10-29T14:10:12.812+09:00  INFO 3592 --- [ch08] [restartedMain] o.h.c.internal.RegionFactoryInitiator    : HHH000026: Second-level cache disabled
2025-10-29T14:10:13.069+09:00  INFO 3592 --- [ch08] [restartedMain] o.s.o.j.p.SpringPersistenceUnitInfo      : No LoadTimeWeaver setup: ignoring JPA class transformer
2025-10-29T14:10:13.096+09:00  INFO 3592 --- [ch08] [restartedMain] com.zaxxer.hikari.HikariDataSource       : HikariPool-1 - Starting...
2025-10-29T14:10:13.102+09:00  WARN 3592 --- [ch08] [restartedMain] c.zaxxer.hikari.util.DriverDataSource    : Registered driver with driverClassName=oracle.jdbc.driver.OracleDriver was not found, trying direct instantiation.
2025-10-29T14:10:13.465+09:00  INFO 3592 --- [ch08] [restartedMain] com.zaxxer.hikari.pool.HikariPool        : HikariPool-1 - Added connection oracle.jdbc.driver.T4CConnection@5515b24c
2025-10-29T14:10:13.466+09:00  INFO 3592 --- [ch08] [restartedMain] com.zaxxer.hikari.HikariDataSource       : HikariPool-1 - Start completed.
2025-10-29T14:10:13.784+09:00  INFO 3592 --- [ch08] [restartedMain] org.hibernate.orm.connections.pooling    : HHH10001005: Database info:
	Database JDBC URL [Connecting through datasource 'HikariDataSource (HikariPool-1)']
	Database driver: undefined/unknown
	Database version: 21.3
	Autocommit mode: undefined/unknown
	Isolation level: undefined/unknown
	Minimum pool size: undefined/unknown
	Maximum pool size: undefined/unknown
2025-10-29T14:10:14.481+09:00  INFO 3592 --- [ch08] [restartedMain] o.h.e.t.j.p.i.JtaPlatformInitiator       : HHH000489: No JTA platform available (set 'hibernate.transaction.jta.platform' to enable JTA platform integration)
2025-10-29T14:10:15.830+09:00  INFO 3592 --- [ch08] [restartedMain] j.LocalContainerEntityManagerFactoryBean : Initialized JPA EntityManagerFactory for persistence unit 'default'
2025-10-29T14:10:15.990+09:00  WARN 3592 --- [ch08] [restartedMain] JpaBaseConfiguration$JpaWebConfiguration : spring.jpa.open-in-view is enabled by default. Therefore, database queries may be performed during view rendering. Explicitly configure spring.jpa.open-in-view to disable this warning
2025-10-29T14:10:16.294+09:00  INFO 3592 --- [ch08] [restartedMain] o.s.b.d.a.OptionalLiveReloadServer       : LiveReload server is running on port 35729
2025-10-29T14:10:16.324+09:00  INFO 3592 --- [ch08] [restartedMain] o.s.b.w.embedded.tomcat.TomcatWebServer  : Tomcat started on port 8080 (http) with context path '/ch08'
2025-10-29T14:10:16.332+09:00  INFO 3592 --- [ch08] [restartedMain] kr.co.ch08.Ch08Application               : Started Ch08Application in 5.358 seconds (process running for 5.957)
2025-10-29T15:47:52.303+09:00  INFO 3592 --- [ch08] [http-nio-8080-exec-1] o.a.c.c.C.[Tomcat].[localhost].[/ch08]   : Initializing Spring DispatcherServlet 'dispatcherServlet'
2025-10-29T15:47:52.307+09:00  INFO 3592 --- [ch08] [http-nio-8080-exec-1] o.s.web.servlet.DispatcherServlet        : Initializing Servlet 'dispatcherServlet'
2025-10-29T15:47:52.327+09:00  INFO 3592 --- [ch08] [http-nio-8080-exec-1] o.s.web.servlet.DispatcherServlet        : Completed initialization in 20 ms
2025-10-29T15:47:52.678+09:00  WARN 3592 --- [ch08] [http-nio-8080-exec-1] .w.s.m.s.DefaultHandlerExceptionResolver : Resolved [org.springframework.web.bind.MethodArgumentNotValidException: Validation failed for argument [0] in public org.springframework.http.ResponseEntity<kr.co.ch08.dto.User1DTO> kr.co.ch08.controller.User1Controller.register(kr.co.ch08.dto.User1DTO): [Field error in object 'user1DTO' on field 'name': rejected value [joseph]; codes [Pattern.user1DTO.name,Pattern.name,Pattern.java.lang.String,Pattern]; arguments [org.springframework.context.support.DefaultMessageSourceResolvable: codes [user1DTO.name,name]; arguments []; default message [name],[Ljakarta.validation.constraints.Pattern$Flag;@2d07c680,^[가-힣]{2,10}$]; default message [이름은 한글 2~10자 입력]] ]
2025-10-29T15:48:38.715+09:00  WARN 3592 --- [ch08] [http-nio-8080-exec-2] .w.s.m.s.DefaultHandlerExceptionResolver : Resolved [org.springframework.web.bind.MethodArgumentNotValidException: Validation failed for argument [0] in public org.springframework.http.ResponseEntity<kr.co.ch08.dto.User1DTO> kr.co.ch08.controller.User1Controller.register(kr.co.ch08.dto.User1DTO): [Field error in object 'user1DTO' on field 'name': rejected value [joseph]; codes [Pattern.user1DTO.name,Pattern.name,Pattern.java.lang.String,Pattern]; arguments [org.springframework.context.support.DefaultMessageSourceResolvable: codes [user1DTO.name,name]; arguments []; default message [name],[Ljakarta.validation.constraints.Pattern$Flag;@2d07c680,^[가-힣]{2,10}$]; default message [이름은 한글 2~10자 입력]] ]
2025-10-29T15:55:39.409+09:00  WARN 3592 --- [ch08] [http-nio-8080-exec-3] .w.s.m.s.DefaultHandlerExceptionResolver : Resolved [org.springframework.web.bind.MethodArgumentNotValidException: Validation failed for argument [0] in public org.springframework.http.ResponseEntity<kr.co.ch08.dto.User1DTO> kr.co.ch08.controller.User1Controller.register(kr.co.ch08.dto.User1DTO): [Field error in object 'user1DTO' on field 'name': rejected value [joseph]; codes [Pattern.user1DTO.name,Pattern.name,Pattern.java.lang.String,Pattern]; arguments [org.springframework.context.support.DefaultMessageSourceResolvable: codes [user1DTO.name,name]; arguments []; default message [name],[Ljakarta.validation.constraints.Pattern$Flag;@2d07c680,^[가-힣]{2,10}$]; default message [이름은 한글 2~10자 입력]] ]
2025-10-29T16:41:54.747+09:00  WARN 3592 --- [ch08] [http-nio-8080-exec-7] .w.s.m.s.DefaultHandlerExceptionResolver : Resolved [org.springframework.web.bind.MethodArgumentNotValidException: Validation failed for argument [0] in public org.springframework.http.ResponseEntity<kr.co.ch08.dto.User1DTO> kr.co.ch08.controller.User1Controller.register(kr.co.ch08.dto.User1DTO): [Field error in object 'user1DTO' on field 'name': rejected value [joseph]; codes [Pattern.user1DTO.name,Pattern.name,Pattern.java.lang.String,Pattern]; arguments [org.springframework.context.support.DefaultMessageSourceResolvable: codes [user1DTO.name,name]; arguments []; default message [name],[Ljakarta.validation.constraints.Pattern$Flag;@2d07c680,^[가-힣]{2,10}$]; default message [이름은 한글 2~10자 입력]] ]
2025-10-29T16:42:40.050+09:00  WARN 3592 --- [ch08] [http-nio-8080-exec-4] .w.s.m.s.DefaultHandlerExceptionResolver : Resolved [org.springframework.web.bind.MethodArgumentNotValidException: Validation failed for argument [0] in public org.springframework.http.ResponseEntity<kr.co.ch08.dto.User1DTO> kr.co.ch08.controller.User1Controller.register(kr.co.ch08.dto.User1DTO): [Field error in object 'user1DTO' on field 'name': rejected value [jamse]; codes [Pattern.user1DTO.name,Pattern.name,Pattern.java.lang.String,Pattern]; arguments [org.springframework.context.support.DefaultMessageSourceResolvable: codes [user1DTO.name,name]; arguments []; default message [name],[Ljakarta.validation.constraints.Pattern$Flag;@2d07c680,^[가-힣]{2,10}$]; default message [이름은 한글 2~10자 입력]] ]
2025-10-29T16:44:32.624+09:00  INFO 3592 --- [ch08] [File Watcher] rtingClassPathChangeChangedEventListener : Restarting due to 7 class path changes (0 additions, 7 deletions, 0 modifications)
2025-10-29T16:44:32.630+09:00  INFO 3592 --- [ch08] [Thread-7] o.s.b.w.e.tomcat.GracefulShutdown        : Commencing graceful shutdown. Waiting for active requests to complete
2025-10-29T16:44:32.698+09:00  INFO 3592 --- [ch08] [tomcat-shutdown] o.s.b.w.e.tomcat.GracefulShutdown        : Graceful shutdown complete
2025-10-29T16:44:32.706+09:00  INFO 3592 --- [ch08] [Thread-7] j.LocalContainerEntityManagerFactoryBean : Closing JPA EntityManagerFactory for persistence unit 'default'
2025-10-29T16:44:32.711+09:00  INFO 3592 --- [ch08] [Thread-7] com.zaxxer.hikari.HikariDataSource       : HikariPool-1 - Shutdown initiated...
2025-10-29T16:44:32.808+09:00  INFO 3592 --- [ch08] [Thread-7] com.zaxxer.hikari.HikariDataSource       : HikariPool-1 - Shutdown completed.
2025-10-29T16:44:32.961+09:00  INFO 3592 --- [ch08] [restartedMain] kr.co.ch08.Ch08Application               : Starting Ch08Application using Java 17.0.0.1 with PID 3592 (C:\Users\GGG\Desktop\workspace\Spring\ch08\build\classes\java\main started by GGG in C:\Users\GGG\Desktop\workspace\Spring\ch08)
2025-10-29T16:44:32.961+09:00  INFO 3592 --- [ch08] [restartedMain] kr.co.ch08.Ch08Application               : No active profile set, falling back to 1 default profile: "default"
2025-10-29T16:44:33.129+09:00  INFO 3592 --- [ch08] [restartedMain] .s.d.r.c.RepositoryConfigurationDelegate : Bootstrapping Spring Data JPA repositories in DEFAULT mode.
2025-10-29T16:44:33.137+09:00  INFO 3592 --- [ch08] [restartedMain] .s.d.r.c.RepositoryConfigurationDelegate : Finished Spring Data repository scanning in 6 ms. Found 1 JPA repository interface.
2025-10-29T16:44:33.173+09:00  WARN 3592 --- [ch08] [restartedMain] o.m.s.mapper.ClassPathMapperScanner      : No MyBatis mapper was found in '[kr.co.ch08]' package. Please check your configuration.
2025-10-29T16:44:33.278+09:00  INFO 3592 --- [ch08] [restartedMain] o.s.b.w.embedded.tomcat.TomcatWebServer  : Tomcat initialized with port 8080 (http)
2025-10-29T16:44:33.279+09:00  INFO 3592 --- [ch08] [restartedMain] o.apache.catalina.core.StandardService   : Starting service [Tomcat]
2025-10-29T16:44:33.279+09:00  INFO 3592 --- [ch08] [restartedMain] o.apache.catalina.core.StandardEngine    : Starting Servlet engine: [Apache Tomcat/10.1.46]
2025-10-29T16:44:33.295+09:00  INFO 3592 --- [ch08] [restartedMain] o.a.c.c.C.[Tomcat].[localhost].[/ch08]   : Initializing Spring embedded WebApplicationContext
2025-10-29T16:44:33.295+09:00  INFO 3592 --- [ch08] [restartedMain] w.s.c.ServletWebServerApplicationContext : Root WebApplicationContext: initialization completed in 331 ms
2025-10-29T16:44:33.323+09:00  INFO 3592 --- [ch08] [restartedMain] o.hibernate.jpa.internal.util.LogHelper  : HHH000204: Processing PersistenceUnitInfo [name: default]
2025-10-29T16:44:33.327+09:00  INFO 3592 --- [ch08] [restartedMain] o.h.c.internal.RegionFactoryInitiator    : HHH000026: Second-level cache disabled
2025-10-29T16:44:33.338+09:00  INFO 3592 --- [ch08] [restartedMain] o.s.o.j.p.SpringPersistenceUnitInfo      : No LoadTimeWeaver setup: ignoring JPA class transformer
2025-10-29T16:44:33.340+09:00  INFO 3592 --- [ch08] [restartedMain] com.zaxxer.hikari.HikariDataSource       : HikariPool-2 - Starting...
2025-10-29T16:44:33.340+09:00  WARN 3592 --- [ch08] [restartedMain] c.zaxxer.hikari.util.DriverDataSource    : Registered driver with driverClassName=oracle.jdbc.driver.OracleDriver was not found, trying direct instantiation.
2025-10-29T16:44:33.480+09:00  INFO 3592 --- [ch08] [restartedMain] com.zaxxer.hikari.pool.HikariPool        : HikariPool-2 - Added connection oracle.jdbc.driver.T4CConnection@2bceb64c
2025-10-29T16:44:33.481+09:00  INFO 3592 --- [ch08] [restartedMain] com.zaxxer.hikari.HikariDataSource       : HikariPool-2 - Start completed.
2025-10-29T16:44:33.606+09:00  INFO 3592 --- [ch08] [restartedMain] org.hibernate.orm.connections.pooling    : HHH10001005: Database info:
	Database JDBC URL [Connecting through datasource 'HikariDataSource (HikariPool-2)']
	Database driver: undefined/unknown
	Database version: 21.3
	Autocommit mode: undefined/unknown
	Isolation level: undefined/unknown
	Minimum pool size: undefined/unknown
	Maximum pool size: undefined/unknown
2025-10-29T16:44:33.673+09:00  INFO 3592 --- [ch08] [restartedMain] o.h.e.t.j.p.i.JtaPlatformInitiator       : HHH000489: No JTA platform available (set 'hibernate.transaction.jta.platform' to enable JTA platform integration)
2025-10-29T16:44:34.540+09:00  INFO 3592 --- [ch08] [restartedMain] j.LocalContainerEntityManagerFactoryBean : Initialized JPA EntityManagerFactory for persistence unit 'default'
2025-10-29T16:44:34.623+09:00  WARN 3592 --- [ch08] [restartedMain] JpaBaseConfiguration$JpaWebConfiguration : spring.jpa.open-in-view is enabled by default. Therefore, database queries may be performed during view rendering. Explicitly configure spring.jpa.open-in-view to disable this warning
2025-10-29T16:44:34.746+09:00  INFO 3592 --- [ch08] [restartedMain] o.s.b.d.a.OptionalLiveReloadServer       : LiveReload server is running on port 35729
2025-10-29T16:44:34.760+09:00  INFO 3592 --- [ch08] [restartedMain] o.s.b.w.embedded.tomcat.TomcatWebServer  : Tomcat started on port 8080 (http) with context path '/ch08'
2025-10-29T16:44:34.765+09:00  INFO 3592 --- [ch08] [restartedMain] kr.co.ch08.Ch08Application               : Started Ch08Application in 1.835 seconds (process running for 9264.39)
2025-10-29T16:44:34.767+09:00  INFO 3592 --- [ch08] [restartedMain] .ConditionEvaluationDeltaLoggingListener : Condition evaluation unchanged
2025-10-29T16:44:34.951+09:00  INFO 3592 --- [ch08] [http-nio-8080-exec-1] o.a.c.c.C.[Tomcat].[localhost].[/ch08]   : Initializing Spring DispatcherServlet 'dispatcherServlet'
2025-10-29T16:44:34.952+09:00  INFO 3592 --- [ch08] [http-nio-8080-exec-1] o.s.web.servlet.DispatcherServlet        : Initializing Servlet 'dispatcherServlet'
2025-10-29T16:44:34.953+09:00  INFO 3592 --- [ch08] [http-nio-8080-exec-1] o.s.web.servlet.DispatcherServlet        : Completed initialization in 1 ms
2025-10-29T16:44:34.965+09:00  INFO 3592 --- [ch08] [http-nio-8080-exec-1] kr.co.ch08.controller.User1Controller    : user1DTO=User1DTO(userid=joseo, name=jamse, birth=2025-10-01 00:00:00.000, age=23, email=null)
2025-10-29T16:44:36.155+09:00  INFO 3592 --- [ch08] [File Watcher] rtingClassPathChangeChangedEventListener : Restarting due to 7 class path changes (7 additions, 0 deletions, 0 modifications)
2025-10-29T16:44:36.156+09:00  INFO 3592 --- [ch08] [Thread-9] o.s.b.w.e.tomcat.GracefulShutdown        : Commencing graceful shutdown. Waiting for active requests to complete
2025-10-29T16:44:36.219+09:00  INFO 3592 --- [ch08] [tomcat-shutdown] o.s.b.w.e.tomcat.GracefulShutdown        : Graceful shutdown complete
2025-10-29T16:44:36.220+09:00  INFO 3592 --- [ch08] [Thread-9] j.LocalContainerEntityManagerFactoryBean : Closing JPA EntityManagerFactory for persistence unit 'default'
2025-10-29T16:44:36.221+09:00  INFO 3592 --- [ch08] [Thread-9] com.zaxxer.hikari.HikariDataSource       : HikariPool-2 - Shutdown initiated...
2025-10-29T16:44:36.317+09:00  INFO 3592 --- [ch08] [Thread-9] com.zaxxer.hikari.HikariDataSource       : HikariPool-2 - Shutdown completed.
2025-10-29T16:44:36.384+09:00  INFO 3592 --- [ch08] [restartedMain] kr.co.ch08.Ch08Application               : Starting Ch08Application using Java 17.0.0.1 with PID 3592 (C:\Users\GGG\Desktop\workspace\Spring\ch08\build\classes\java\main started by GGG in C:\Users\GGG\Desktop\workspace\Spring\ch08)
2025-10-29T16:44:36.385+09:00  INFO 3592 --- [ch08] [restartedMain] kr.co.ch08.Ch08Application               : No active profile set, falling back to 1 default profile: "default"
2025-10-29T16:44:36.544+09:00  INFO 3592 --- [ch08] [restartedMain] .s.d.r.c.RepositoryConfigurationDelegate : Bootstrapping Spring Data JPA repositories in DEFAULT mode.
2025-10-29T16:44:36.551+09:00  INFO 3592 --- [ch08] [restartedMain] .s.d.r.c.RepositoryConfigurationDelegate : Finished Spring Data repository scanning in 6 ms. Found 1 JPA repository interface.
2025-10-29T16:44:36.582+09:00  WARN 3592 --- [ch08] [restartedMain] o.m.s.mapper.ClassPathMapperScanner      : No MyBatis mapper was found in '[kr.co.ch08]' package. Please check your configuration.
2025-10-29T16:44:36.650+09:00  INFO 3592 --- [ch08] [restartedMain] o.s.b.w.embedded.tomcat.TomcatWebServer  : Tomcat initialized with port 8080 (http)
2025-10-29T16:44:36.651+09:00  INFO 3592 --- [ch08] [restartedMain] o.apache.catalina.core.StandardService   : Starting service [Tomcat]
2025-10-29T16:44:36.651+09:00  INFO 3592 --- [ch08] [restartedMain] o.apache.catalina.core.StandardEngine    : Starting Servlet engine: [Apache Tomcat/10.1.46]
2025-10-29T16:44:36.665+09:00  INFO 3592 --- [ch08] [restartedMain] o.a.c.c.C.[Tomcat].[localhost].[/ch08]   : Initializing Spring embedded WebApplicationContext
2025-10-29T16:44:36.665+09:00  INFO 3592 --- [ch08] [restartedMain] w.s.c.ServletWebServerApplicationContext : Root WebApplicationContext: initialization completed in 279 ms
2025-10-29T16:44:36.686+09:00  INFO 3592 --- [ch08] [restartedMain] o.hibernate.jpa.internal.util.LogHelper  : HHH000204: Processing PersistenceUnitInfo [name: default]
2025-10-29T16:44:36.689+09:00  INFO 3592 --- [ch08] [restartedMain] o.h.c.internal.RegionFactoryInitiator    : HHH000026: Second-level cache disabled
2025-10-29T16:44:36.698+09:00  INFO 3592 --- [ch08] [restartedMain] o.s.o.j.p.SpringPersistenceUnitInfo      : No LoadTimeWeaver setup: ignoring JPA class transformer
2025-10-29T16:44:36.699+09:00  INFO 3592 --- [ch08] [restartedMain] com.zaxxer.hikari.HikariDataSource       : HikariPool-3 - Starting...
2025-10-29T16:44:36.699+09:00  WARN 3592 --- [ch08] [restartedMain] c.zaxxer.hikari.util.DriverDataSource    : Registered driver with driverClassName=oracle.jdbc.driver.OracleDriver was not found, trying direct instantiation.
2025-10-29T16:44:36.831+09:00  INFO 3592 --- [ch08] [restartedMain] com.zaxxer.hikari.pool.HikariPool        : HikariPool-3 - Added connection oracle.jdbc.driver.T4CConnection@3817d61d
2025-10-29T16:44:36.831+09:00  INFO 3592 --- [ch08] [restartedMain] com.zaxxer.hikari.HikariDataSource       : HikariPool-3 - Start completed.
2025-10-29T16:44:36.905+09:00  INFO 3592 --- [ch08] [restartedMain] org.hibernate.orm.connections.pooling    : HHH10001005: Database info:
	Database JDBC URL [Connecting through datasource 'HikariDataSource (HikariPool-3)']
	Database driver: undefined/unknown
	Database version: 21.3
	Autocommit mode: undefined/unknown
	Isolation level: undefined/unknown
	Minimum pool size: undefined/unknown
	Maximum pool size: undefined/unknown
2025-10-29T16:44:36.945+09:00  INFO 3592 --- [ch08] [restartedMain] o.h.e.t.j.p.i.JtaPlatformInitiator       : HHH000489: No JTA platform available (set 'hibernate.transaction.jta.platform' to enable JTA platform integration)
2025-10-29T16:44:37.786+09:00  INFO 3592 --- [ch08] [restartedMain] j.LocalContainerEntityManagerFactoryBean : Initialized JPA EntityManagerFactory for persistence unit 'default'
2025-10-29T16:44:37.826+09:00  WARN 3592 --- [ch08] [restartedMain] JpaBaseConfiguration$JpaWebConfiguration : spring.jpa.open-in-view is enabled by default. Therefore, database queries may be performed during view rendering. Explicitly configure spring.jpa.open-in-view to disable this warning
2025-10-29T16:44:37.896+09:00  INFO 3592 --- [ch08] [restartedMain] o.s.b.d.a.OptionalLiveReloadServer       : LiveReload server is running on port 35729
2025-10-29T16:44:37.903+09:00  INFO 3592 --- [ch08] [restartedMain] o.s.b.w.embedded.tomcat.TomcatWebServer  : Tomcat started on port 8080 (http) with context path '/ch08'
2025-10-29T16:44:37.907+09:00  INFO 3592 --- [ch08] [restartedMain] kr.co.ch08.Ch08Application               : Started Ch08Application in 1.546 seconds (process running for 9267.531)
2025-10-29T16:44:37.907+09:00  INFO 3592 --- [ch08] [restartedMain] .ConditionEvaluationDeltaLoggingListener : Condition evaluation unchanged
2025-10-29T16:45:17.944+09:00  INFO 3592 --- [ch08] [http-nio-8080-exec-1] o.a.c.c.C.[Tomcat].[localhost].[/ch08]   : Initializing Spring DispatcherServlet 'dispatcherServlet'
2025-10-29T16:45:17.944+09:00  INFO 3592 --- [ch08] [http-nio-8080-exec-1] o.s.web.servlet.DispatcherServlet        : Initializing Servlet 'dispatcherServlet'
2025-10-29T16:45:17.945+09:00  INFO 3592 --- [ch08] [http-nio-8080-exec-1] o.s.web.servlet.DispatcherServlet        : Completed initialization in 1 ms
2025-10-29T16:45:17.952+09:00  INFO 3592 --- [ch08] [http-nio-8080-exec-1] kr.co.ch08.controller.User1Controller    : user1DTO=User1DTO(userid=123, name=33, birth=2025-10-25 00:00:00.000, age=22, email=null)
2025-10-29T16:48:48.740+09:00  WARN 3592 --- [ch08] [http-nio-8080-exec-9] .w.s.m.s.DefaultHandlerExceptionResolver : Resolved [org.springframework.web.bind.MethodArgumentNotValidException: Validation failed for argument [0] in public org.springframework.http.ResponseEntity<kr.co.ch08.dto.User1DTO> kr.co.ch08.controller.User1Controller.register(kr.co.ch08.dto.User1DTO): [Field error in object 'user1DTO' on field 'age': rejected value [222]; codes [Max.user1DTO.age,Max.age,Max.int,Max]; arguments [org.springframework.context.support.DefaultMessageSourceResolvable: codes [user1DTO.age,age]; arguments []; default message [age],100]; default message [100 이하여야 합니다]] ]
2025-10-29T16:49:04.268+09:00  INFO 3592 --- [ch08] [http-nio-8080-exec-10] kr.co.ch08.controller.User1Controller    : user1DTO=User1DTO(userid=jsjsjs, name=mary, birth=2025-10-15 00:00:00.000, age=20, email=null)
